v:\m8\1\try1\try1\debug\vc141.pdb
v:\m8\1\try1\try1\debug\vc141.idb
v:\m8\1\try1\try1\debug\scoremanager.obj
v:\m8\1\try1\try1\debug\playersprite.obj
v:\m8\1\try1\try1\debug\musicmanager.obj
v:\m8\1\try1\try1\debug\main.obj
v:\m8\1\try1\try1\debug\backendinput.obj
v:\m8\1\try1\try1\debug\gamemanager.obj
v:\m8\1\try1\try1\debug\gametext.obj
v:\m8\1\try1\try1\debug\gamesprite.obj
v:\m8\1\try1\try1\debug\gamesound.obj
v:\m8\1\try1\try1\debug\frontendinput.obj
v:\m8\1\try1\try1\debug\config.obj
v:\m8\1\try1\try1\debug\bullet.obj
v:\m8\1\try1\try1\debug\textmanager.obj
v:\m8\1\try1\try1\debug\playercontroller.obj
v:\m8\1\try1\try1\debug\enemy.obj
v:\m8\1\try1\try1\debug\enemymanager.obj
v:\m8\1\try1\try1\debug\uimanager.obj
v:\m8\1\try1\debug\try1.exe
v:\m8\1\try1\debug\try1.ilk
v:\m8\1\try1\debug\try1.pdb
v:\m8\1\try1\try1\debug\try1.tlog\cl.command.1.tlog
v:\m8\1\try1\try1\debug\try1.tlog\cl.read.1.tlog
v:\m8\1\try1\try1\debug\try1.tlog\cl.write.1.tlog
v:\m8\1\try1\try1\debug\try1.tlog\link.command.1.tlog
v:\m8\1\try1\try1\debug\try1.tlog\link.read.1.tlog
v:\m8\1\try1\try1\debug\try1.tlog\link.write.1.tlog
