v:\m8\1\try1\try1\release\vc141.pdb
v:\m8\1\try1\try1\release\scoremanager.obj
v:\m8\1\try1\try1\release\playercontroller.obj
v:\m8\1\try1\try1\release\musicmanager.obj
v:\m8\1\try1\try1\release\main.obj
v:\m8\1\try1\try1\release\backendinput.obj
v:\m8\1\try1\try1\release\gamemanager.obj
v:\m8\1\try1\try1\release\gametext.obj
v:\m8\1\try1\try1\release\gamesprite.obj
v:\m8\1\try1\try1\release\gamesound.obj
v:\m8\1\try1\try1\release\frontendinput.obj
v:\m8\1\try1\try1\release\config.obj
v:\m8\1\try1\try1\release\bullet.obj
v:\m8\1\try1\release\try1.exe
v:\m8\1\try1\release\try1.pdb
v:\m8\1\try1\release\try1.ipdb
v:\m8\1\try1\release\try1.iobj
v:\m8\1\try1\try1\release\try1.tlog\cl.command.1.tlog
v:\m8\1\try1\try1\release\try1.tlog\cl.read.1.tlog
v:\m8\1\try1\try1\release\try1.tlog\cl.write.1.tlog
v:\m8\1\try1\try1\release\try1.tlog\link.command.1.tlog
v:\m8\1\try1\try1\release\try1.tlog\link.read.1.tlog
v:\m8\1\try1\try1\release\try1.tlog\link.write.1.tlog
v:\m8\1\try1\try1\release\try1.tlog\try1.write.1u.tlog
