c:\users\abdallah.boutrif.adm\desktop\08.12.2019 vs project\xwings invader\try1\release\vc141.pdb
c:\users\abdallah.boutrif.adm\desktop\08.12.2019 vs project\xwings invader\try1\release\star.obj
c:\users\abdallah.boutrif.adm\desktop\08.12.2019 vs project\xwings invader\try1\release\sparkexplosion.obj
c:\users\abdallah.boutrif.adm\desktop\08.12.2019 vs project\xwings invader\try1\release\spark.obj
c:\users\abdallah.boutrif.adm\desktop\08.12.2019 vs project\xwings invader\try1\release\randomgenerator.obj
c:\users\abdallah.boutrif.adm\desktop\08.12.2019 vs project\xwings invader\try1\release\playercontroller.obj
c:\users\abdallah.boutrif.adm\desktop\08.12.2019 vs project\xwings invader\try1\release\musicmanager.obj
c:\users\abdallah.boutrif.adm\desktop\08.12.2019 vs project\xwings invader\try1\release\main.obj
c:\users\abdallah.boutrif.adm\desktop\08.12.2019 vs project\xwings invader\try1\release\backendinput.obj
c:\users\abdallah.boutrif.adm\desktop\08.12.2019 vs project\xwings invader\try1\release\gamemanager.obj
c:\users\abdallah.boutrif.adm\desktop\08.12.2019 vs project\xwings invader\try1\release\gametext.obj
c:\users\abdallah.boutrif.adm\desktop\08.12.2019 vs project\xwings invader\try1\release\gamesprite.obj
c:\users\abdallah.boutrif.adm\desktop\08.12.2019 vs project\xwings invader\try1\release\gamesound.obj
c:\users\abdallah.boutrif.adm\desktop\08.12.2019 vs project\xwings invader\try1\release\gameicon.obj
c:\users\abdallah.boutrif.adm\desktop\08.12.2019 vs project\xwings invader\try1\release\frontendinput.obj
c:\users\abdallah.boutrif.adm\desktop\08.12.2019 vs project\xwings invader\try1\release\enemymanager.obj
c:\users\abdallah.boutrif.adm\desktop\08.12.2019 vs project\xwings invader\try1\release\enemybullet.obj
c:\users\abdallah.boutrif.adm\desktop\08.12.2019 vs project\xwings invader\try1\release\enemy.obj
c:\users\abdallah.boutrif.adm\desktop\08.12.2019 vs project\xwings invader\try1\release\config.obj
c:\users\abdallah.boutrif.adm\desktop\08.12.2019 vs project\xwings invader\try1\release\collisionmanager.obj
c:\users\abdallah.boutrif.adm\desktop\08.12.2019 vs project\xwings invader\try1\release\bullet.obj
c:\users\abdallah.boutrif.adm\desktop\08.12.2019 vs project\xwings invader\try1\release\uimanager.obj
c:\users\abdallah.boutrif.adm\desktop\08.12.2019 vs project\xwings invader\try1\release\textmanager.obj
c:\users\abdallah.boutrif.adm\desktop\08.12.2019 vs project\xwings invader\try1\release\starmanager.obj
c:\users\abdallah.boutrif.adm\desktop\08.12.2019 vs project\xwings invader\release\xwings invader.exe
c:\users\abdallah.boutrif.adm\desktop\08.12.2019 vs project\xwings invader\release\xwings invader.pdb
c:\users\abdallah.boutrif.adm\desktop\08.12.2019 vs project\xwings invader\try1\release\xwings invader.res
c:\users\abdallah.boutrif.adm\desktop\08.12.2019 vs project\xwings invader\release\xwings invader.ipdb
c:\users\abdallah.boutrif.adm\desktop\08.12.2019 vs project\xwings invader\release\xwings invader.iobj
c:\users\abdallah.boutrif.adm\desktop\08.12.2019 vs project\xwings invader\try1\release\xwings invader.tlog\cl.command.1.tlog
c:\users\abdallah.boutrif.adm\desktop\08.12.2019 vs project\xwings invader\try1\release\xwings invader.tlog\cl.read.1.tlog
c:\users\abdallah.boutrif.adm\desktop\08.12.2019 vs project\xwings invader\try1\release\xwings invader.tlog\cl.write.1.tlog
c:\users\abdallah.boutrif.adm\desktop\08.12.2019 vs project\xwings invader\try1\release\xwings invader.tlog\link.command.1.tlog
c:\users\abdallah.boutrif.adm\desktop\08.12.2019 vs project\xwings invader\try1\release\xwings invader.tlog\link.read.1.tlog
c:\users\abdallah.boutrif.adm\desktop\08.12.2019 vs project\xwings invader\try1\release\xwings invader.tlog\link.write.1.tlog
c:\users\abdallah.boutrif.adm\desktop\08.12.2019 vs project\xwings invader\try1\release\xwings invader.tlog\rc.command.1.tlog
c:\users\abdallah.boutrif.adm\desktop\08.12.2019 vs project\xwings invader\try1\release\xwings invader.tlog\rc.read.1.tlog
c:\users\abdallah.boutrif.adm\desktop\08.12.2019 vs project\xwings invader\try1\release\xwings invader.tlog\rc.write.1.tlog
c:\users\abdallah.boutrif.adm\desktop\08.12.2019 vs project\xwings invader\try1\release\xwings invader.tlog\xwings invader.write.1u.tlog
